#
# There is insufficient memory for the Java Runtime Environment to continue.
# Native memory allocation (mmap) failed to map 536870912 bytes for G1 virtual space
# Possible reasons:
#   The system is out of physical RAM or swap space
#   The process is running with CompressedOops enabled, and the Java Heap may be blocking the growth of the native heap
# Possible solutions:
#   Reduce memory load on the system
#   Increase physical memory or swap space
#   Check if swap backing store is full
#   Decrease Java heap size (-Xmx/-Xms)
#   Decrease number of Java threads
#   Decrease Java thread stack sizes (-Xss)
#   Set larger code cache with -XX:ReservedCodeCacheSize=
#   JVM is running with Zero Based Compressed Oops mode in which the Java heap is
#     placed in the first 32GB address space. The Java Heap base address is the
#     maximum limit for the native heap growth. Please use -XX:HeapBaseMinAddress
#     to set the Java Heap base and to place the Java Heap above 32GB virtual address.
# This output file may be truncated or incomplete.
#
#  Out of Memory Error (os_windows.cpp:3548), pid=41340, tid=21244
#
# JRE version:  (17.0.11+7) (build )
# Java VM: Java HotSpot(TM) 64-Bit Server VM (17.0.11+7-LTS-207, mixed mode, emulated-client, sharing, tiered, compressed oops, compressed class ptrs, g1 gc, windows-amd64)
# No core dump will be written. Minidumps are not enabled by default on client versions of Windows
#

---------------  S U M M A R Y ------------

Command Line: -XX:TieredStopAtLevel=1 -Dfile.encoding=UTF-8 -Duser.country=KR -Duser.language=ko -Duser.variant com.example.academy.ProfileApplication

Host: AMD Ryzen 5 5600X 6-Core Processor             , 12 cores, 31G,  Windows 11 , 64 bit Build 22621 (10.0.22621.3958)
Time: Tue Oct  8 02:26:56 2024  Windows 11 , 64 bit Build 22621 (10.0.22621.3958) elapsed time: 0.008928 seconds (0d 0h 0m 0s)

---------------  T H R E A D  ---------------

Current thread (0x0000026792e6ab30):  JavaThread "Unknown thread" [_thread_in_vm, id=21244, stack(0x000000e280000000,0x000000e280100000)]

Stack: [0x000000e280000000,0x000000e280100000]
Native frames: (J=compiled Java code, j=interpreted, Vv=VM code, C=native code)
V  [jvm.dll+0x679cca]
V  [jvm.dll+0x7da13d]
V  [jvm.dll+0x7dba83]
V  [jvm.dll+0x7dc0f3]
V  [jvm.dll+0x2449af]
V  [jvm.dll+0x676ce9]
V  [jvm.dll+0x66b852]
V  [jvm.dll+0x3018d6]
V  [jvm.dll+0x308e76]
V  [jvm.dll+0x3596ee]
V  [jvm.dll+0x35991f]
V  [jvm.dll+0x2d89a8]
V  [jvm.dll+0x2d9914]
V  [jvm.dll+0x7ac6b1]
V  [jvm.dll+0x366f61]
V  [jvm.dll+0x78b609]
V  [jvm.dll+0x3ec22f]
V  [jvm.dll+0x3ede61]
C  [jli.dll+0x5297]
C  [ucrtbase.dll+0x29333]
C  [KERNEL32.DLL+0x1257d]
C  [ntdll.dll+0x5af28]


---------------  P R O C E S S  ---------------

Threads class SMR info:
_java_thread_list=0x00007ffa06017a18, length=0, elements={
}

Java Threads: ( => current thread )

Other Threads:
  0x0000026792f18ce0 GCTaskThread "GC Thread#0" [stack: 0x000000e280100000,0x000000e280200000] [id=46380]
  0x00000267b29fc040 ConcurrentGCThread "G1 Main Marker" [stack: 0x000000e280200000,0x000000e280300000] [id=64684]
  0x0000026792f1e390 ConcurrentGCThread "G1 Conc#0" [stack: 0x000000e280300000,0x000000e280400000] [id=78832]

[error occurred during error reporting (printing all threads), id 0xc0000005, EXCEPTION_ACCESS_VIOLATION (0xc0000005) at pc=0x00007ffa05849497]

VM state: not at safepoint (not fully initialized)

VM Mutex/Monitor currently owned by a thread:  ([mutex/lock_event])
[0x0000026792e67bb0] Heap_lock - owner thread: 0x0000026792e6ab30

Heap address: 0x0000000601000000, size: 8176 MB, Compressed Oops mode: Zero based, Oop shift amount: 3

CDS archive(s) mapped at: [0x0000000000000000-0x0000000000000000-0x0000000000000000), size 0, SharedBaseAddress: 0x0000000800000000, ArchiveRelocationMode: 1.
Narrow klass base: 0x0000000000000000, Narrow klass shift: 0, Narrow klass range: 0x0

GC Precious Log:
<Empty>

Heap:
 garbage-first heap   total 0K, used 0K [0x0000000601000000, 0x0000000800000000)
  region size 4096K, 0 young (0K), 0 survivors (0K)

[error occurred during error reporting (printing heap information), id 0xc0000005, EXCEPTION_ACCESS_VIOLATION (0xc0000005) at pc=0x00007ffa05c33559]

GC Heap History (0 events):
No events

Deoptimization events (0 events):
No events

Classes unloaded (0 events):
No events

Classes redefined (0 events):
No events

Internal exceptions (0 events):
No events

VM Operations (0 events):
No events

Events (1 events):
Event: 0.006 Loaded shared library C:\Program Files\Java\jdk-17\bin\java.dll


Dynamic libraries:
0x00007ff6f2000000 - 0x00007ff6f2010000 	C:\Program Files\Java\jdk-17\bin\java.exe
0x00007ffb32890000 - 0x00007ffb32aa7000 	C:\WINDOWS\SYSTEM32\ntdll.dll
0x00007ffb31a10000 - 0x00007ffb31ad4000 	C:\WINDOWS\System32\KERNEL32.DLL
0x00007ffb2fc10000 - 0x00007ffb2ffbd000 	C:\WINDOWS\System32\KERNELBASE.dll
0x00007ffb304a0000 - 0x00007ffb305b1000 	C:\WINDOWS\System32\ucrtbase.dll
0x00007ffafe2e0000 - 0x00007ffafe2f9000 	C:\Program Files\Java\jdk-17\bin\jli.dll
0x00007ffb14220000 - 0x00007ffb1423b000 	C:\Program Files\Java\jdk-17\bin\VCRUNTIME140.dll
0x00007ffb32310000 - 0x00007ffb323c2000 	C:\WINDOWS\System32\ADVAPI32.dll
0x00007ffb31630000 - 0x00007ffb316d7000 	C:\WINDOWS\System32\msvcrt.dll
0x00007ffb31870000 - 0x00007ffb31919000 	C:\WINDOWS\System32\sechost.dll
0x00007ffb2fbe0000 - 0x00007ffb2fc08000 	C:\WINDOWS\System32\bcrypt.dll
0x00007ffb31b70000 - 0x00007ffb31c84000 	C:\WINDOWS\System32\RPCRT4.dll
0x00007ffb30a60000 - 0x00007ffb30c0e000 	C:\WINDOWS\System32\USER32.dll
0x00007ffb2fbb0000 - 0x00007ffb2fbd6000 	C:\WINDOWS\System32\win32u.dll
0x00007ffb31840000 - 0x00007ffb31869000 	C:\WINDOWS\System32\GDI32.dll
0x00007ffb1f200000 - 0x00007ffb1f493000 	C:\WINDOWS\WinSxS\amd64_microsoft.windows.common-controls_6595b64144ccf1df_6.0.22621.3672_none_2713b9d173822955\COMCTL32.dll
0x00007ffb30380000 - 0x00007ffb30499000 	C:\WINDOWS\System32\gdi32full.dll
0x00007ffb30170000 - 0x00007ffb3020a000 	C:\WINDOWS\System32\msvcp_win.dll
0x00007ffb25690000 - 0x00007ffb2569a000 	C:\WINDOWS\SYSTEM32\VERSION.dll
0x00007ffb30d80000 - 0x00007ffb30db1000 	C:\WINDOWS\System32\IMM32.DLL
0x00007ffb0b570000 - 0x00007ffb0b57c000 	C:\Program Files\Java\jdk-17\bin\vcruntime140_1.dll
0x00007ffa46e10000 - 0x00007ffa46e9e000 	C:\Program Files\Java\jdk-17\bin\msvcp140.dll
0x00007ffa05560000 - 0x00007ffa06140000 	C:\Program Files\Java\jdk-17\bin\server\jvm.dll
0x00007ffb30c10000 - 0x00007ffb30c18000 	C:\WINDOWS\System32\PSAPI.DLL
0x00007ffb03600000 - 0x00007ffb03609000 	C:\WINDOWS\SYSTEM32\WSOCK32.dll
0x00007ffb27360000 - 0x00007ffb27394000 	C:\WINDOWS\SYSTEM32\WINMM.dll
0x00007ffb32290000 - 0x00007ffb32301000 	C:\WINDOWS\System32\WS2_32.dll
0x00007ffb2ecb0000 - 0x00007ffb2ecc8000 	C:\WINDOWS\SYSTEM32\kernel.appcore.dll
0x00007ffb08660000 - 0x00007ffb0866a000 	C:\Program Files\Java\jdk-17\bin\jimage.dll
0x00007ffb23ed0000 - 0x00007ffb24102000 	C:\WINDOWS\SYSTEM32\DBGHELP.DLL
0x00007ffb305c0000 - 0x00007ffb3094e000 	C:\WINDOWS\System32\combase.dll
0x00007ffb31930000 - 0x00007ffb31a07000 	C:\WINDOWS\System32\OLEAUT32.dll
0x00007ffb03860000 - 0x00007ffb03892000 	C:\WINDOWS\SYSTEM32\dbgcore.DLL
0x00007ffb2ffc0000 - 0x00007ffb3003b000 	C:\WINDOWS\System32\bcryptPrimitives.dll
0x00007ffaf31e0000 - 0x00007ffaf3205000 	C:\Program Files\Java\jdk-17\bin\java.dll

dbghelp: loaded successfully - version: 4.0.5 - missing functions: none
symbol engine: initialized successfully - sym options: 0x614 - pdb path: .;C:\Program Files\Java\jdk-17\bin;C:\WINDOWS\SYSTEM32;C:\WINDOWS\WinSxS\amd64_microsoft.windows.common-controls_6595b64144ccf1df_6.0.22621.3672_none_2713b9d173822955;C:\Program Files\Java\jdk-17\bin\server

VM Arguments:
jvm_args: -XX:TieredStopAtLevel=1 -Dfile.encoding=UTF-8 -Duser.country=KR -Duser.language=ko -Duser.variant 
java_command: com.example.academy.ProfileApplication
java_class_path (initial): C:\Users\quite\git\BackEnd\build\classes\java\main;C:\Users\quite\git\BackEnd\build\resources\main;C:\Users\quite\.gradle\caches\modules-2\files-2.1\org.mongodb\mongodb-driver-sync\4.11.0\7e374bcf412e8694c40981dcab7acbe1b675209f\mongodb-driver-sync-4.11.0.jar;C:\Users\quite\.gradle\caches\modules-2\files-2.1\org.mongodb\mongodb-driver-core\5.2.0\27146b7dfddad37efef99b9062929e880a42bb50\mongodb-driver-core-5.2.0.jar;C:\Users\quite\.gradle\caches\modules-2\files-2.1\org.mongodb\bson-record-codec\4.6.1\4e44065de768432bb008890656db3090b4f20e73\bson-record-codec-4.6.1.jar;C:\Users\quite\.gradle\caches\modules-2\files-2.1\org.mongodb\bson\5.2.0\736c20cbf1d475739fc1630d5784fd1cf22d98b2\bson-5.2.0.jar;C:\Users\quite\.gradle\caches\modules-2\files-2.1\mysql\mysql-connector-java\8.0.30\b26dd6e4e917d3d4726c34d09d2fd67df7c1dd37\mysql-connector-java-8.0.30.jar;C:\Users\quite\.gradle\caches\modules-2\files-2.1\org.springdoc\springdoc-openapi-ui\1.7.0\f4763107b0fb1f9c17fe6523b2fd0ca6cb201d66\springdoc-openapi-ui-1.7.0.jar;C:\Users\quite\.gradle\caches\modules-2\files-2.1\nz.net.ultraq.thymeleaf\thymeleaf-layout-dialect\3.0.0\901115ad80d4928d1d15f7dfa0bad99c1a006cc2\thymeleaf-layout-dialect-3.0.0.jar;C:\Users\quite\.gradle\caches\modules-2\files-2.1\org.mapstruct\mapstruct\1.5.5.Final\2ca3cbe39b6e9ea8d5ea521965a89bef2a1e8eeb\mapstruct-1.5.5.Final.jar;C:\Users\quite\.gradle\caches\modules-2\files-2.1\io.jsonwebtoken\jjwt-impl\0.12.3\e850d2b3f53bd82355cd9ee1c471054aa602b320\jjwt-impl-0.12.3.jar;C:\Users\quite\.gradle\caches\modules-2\files-2.1\io.jsonwebtoken\jjwt-jackson\0.12.3\5e6d0e45441547d892d3273a4ce5dd042e91d162\jjwt-jackson-0.12.3.jar;C:\Users\quite\.gradle\caches\modules-2\files-2.1\io.jsonwebtoken\jjwt-api\0.12.3\30b7de9176d17fa347eef14b85480825dab76b58\jjwt-api-0.12.3.jar;C:\Users\quite\.gradle\caches\modules-2\files-2.1\jakarta.transaction\jakarta.transaction-api\1.3.3\c4179d48720a1e87202115fbed6089bdc4195405\jakarta.transaction-api-1.3.3.jar;
Launcher Type: SUN_STANDARD

[Global flags]
     intx CICompilerCount                          = 4                                         {product} {ergonomic}
     uint ConcGCThreads                            = 3                                         {product} {ergonomic}
     uint G1ConcRefinementThreads                  = 10                                        {product} {ergonomic}
   size_t G1HeapRegionSize                         = 4194304                                   {product} {ergonomic}
    uintx GCDrainStackTargetSize                   = 64                                        {product} {ergonomic}
   size_t InitialHeapSize                          = 536870912                                 {product} {ergonomic}
   size_t MarkStackSize                            = 4194304                                   {product} {ergonomic}
   size_t MaxHeapSize                              = 8573157376                                {product} {ergonomic}
   size_t MinHeapDeltaBytes                        = 4194304                                   {product} {ergonomic}
   size_t MinHeapSize                              = 8388608                                   {product} {ergonomic}
    uintx NonProfiledCodeHeapSize                  = 0                                      {pd product} {ergonomic}
     bool ProfileInterpreter                       = false                                  {pd product} {command line}
    uintx ProfiledCodeHeapSize                     = 0                                      {pd product} {ergonomic}
   size_t SoftMaxHeapSize                          = 8573157376                             {manageable} {ergonomic}
     intx TieredStopAtLevel                        = 1                                         {product} {command line}
     bool UseCompressedClassPointers               = true                           {product lp64_product} {ergonomic}
     bool UseCompressedOops                        = true                           {product lp64_product} {ergonomic}
     bool UseG1GC                                  = true                                      {product} {ergonomic}
     bool UseLargePagesIndividualAllocation        = false                                  {pd product} {ergonomic}

Logging:
Log output configuration:
 #0: stdout all=warning uptime,level,tags
 #1: stderr all=off uptime,level,tags

Environment Variables:
JAVA_HOME=C:\Program Files\Java\jdk-17
PATH=C:\Program Files\Common Files\Oracle\Java\javapath;C:\Program Files (x86)\NAT Service;C:\Program Files\NVIDIA GPU Computing Toolkit\CUDA\v11.6\bin;C:\Program Files\NVIDIA GPU Computing Toolkit\CUDA\v11.6\libnvvp;C:\Program Files (x86)\Razer Chroma SDK\bin;C:\Program Files\Razer Chroma SDK\bin;C:\Program Files (x86)\Razer\ChromaBroadcast\bin;C:\Program Files\Razer\ChromaBroadcast\bin;C:\Program Files (x86)\VMware\VMware Player\bin\;C:\WINDOWS\system32;C:\WINDOWS;C:\WINDOWS\System32\Wbem;C:\WINDOWS\System32\WindowsPowerShell\v1.0\;C:\WINDOWS\System32\OpenSSH\;C:\Program Files\NVIDIA Corporation\NVIDIA NvDLISR;C:\Program Files\MATLAB\R2021b\bin;C:\Users\quite\AppData\Local\Programs\Python\Python310\Scripts\;C:\Users\quite\AppData\Local\Programs\Python\Python310\;C:\Users\quite\AppData\Local\Microsoft\WindowsApps;C:\Program Files\Bandizip\;C:\WINDOWS\system32\config\systemprofile\AppData\Local\Microsoft\WindowsApps;C:\Program Files (x86)\IVI Foundation\VISA\WinNT\Bin\;C:\Program Files\IVI Foundation\VISA\Win64\Bin\;C:\Program Files (x86)\IVI Foundation\VISA\WinNT\Bin;C:\Program Files\NVIDIA Corporation\Nsight Compute 2022.1.0\;C:\Program Files (x86)\NVIDIA Corporation\PhysX\Common;C:\Program Files\Crucial\Crucial Storage Executive;C:\Program Files (x86)\Common Files\Acronis\SnapAPI\;C:\Program Files (x86)\Common Files\Acronis\VirtualFile\;C:\Program Files (x86)\Common Files\Acronis\VirtualFile64\;C:\WINDOWS\system32;C:\WINDOWS;C:\WINDOWS\System32\Wbem;C:\WINDOWS\System32\WindowsPowerShell\v1.0\;C:\WINDOWS\System32\OpenSSH\;C:\Program Files\dotnet\;C:\Program Files\Docker\Docker\resources\bin;C:\Program Files\Git\cmd;C:\Program Files (x86)\Microsoft SQL Server\160\Tools\Binn\;C:\Program Files\Microsoft SQL Server\160\Tools\Binn\;C:\Program Files\Microsoft SQL Server\Client SDK\ODBC\170\Tools\Binn\;C:\Program Files\Microsoft SQL Server\160\DTS\Binn\;C:\Program Files (x86)\Windows Kits\8.1\Windows Performance Toolkit\;C:\Program Files\nodejs\;C:\Users\quite\AppData\Local
USERNAME=quitendexit
OS=Windows_NT
PROCESSOR_IDENTIFIER=AMD64 Family 25 Model 33 Stepping 0, AuthenticAMD



---------------  S Y S T E M  ---------------

OS:
 Windows 11 , 64 bit Build 22621 (10.0.22621.3958)
OS uptime: 1 days 15:02 hours
Hyper-V role detected

CPU: total 12 (initial active 12) (12 cores per cpu, 2 threads per core) family 25 model 33 stepping 0 microcode 0x0, cx8, cmov, fxsr, ht, mmx, 3dnowpref, sse, sse2, sse3, ssse3, sse4a, sse4.1, sse4.2, popcnt, lzcnt, tsc, tscinvbit, avx, avx2, aes, clmul, bmi1, bmi2, adx, sha, fma, vzeroupper, clflush, clflushopt, hv

Memory: 4k page, system-wide physical 32694M (11786M free)
TotalPageFile size 34742M (AvailPageFile size 381M)
current process WorkingSet (physical memory assigned to process): 11M, peak: 11M
current process commit charge ("private bytes"): 59M, peak: 571M

vm_info: Java HotSpot(TM) 64-Bit Server VM (17.0.11+7-LTS-207) for windows-amd64 JRE (17.0.11+7-LTS-207), built on Mar 11 2024 19:01:50 by "mach5one" with MS VC++ 17.6 (VS2022)

END.
